<?xml version="1.0" encoding="UTF-8"?>
<!-- Generated by org.testng.reporters.JUnitReportReporter -->
<testsuite hostname="LAPTOP-VRF7QEJL" failures="0" tests="1" name="sample.Sample2" time="0.009" errors="0" timestamp="2025-03-29T09:14:40 IST" skipped="0">
  <testcase classname="sample.Sample2" name="demo2" time="0.009"/>
</testsuite> <!-- sample.Sample2 -->
