<?xml version="1.0" encoding="UTF-8"?>
<!-- Generated by org.testng.reporters.JUnitReportReporter -->
<testsuite hostname="LAPTOP-VRF7QEJL" failures="0" tests="1" name="sample.DemoGitHub" time="0.008" errors="0" timestamp="2025-03-27T09:32:07 IST" skipped="0">
  <testcase classname="sample.DemoGitHub" name="m1" time="0.008"/>
</testsuite> <!-- sample.DemoGitHub -->
